0 info it worked if it ends with ok
1 verbose cli [ 'C:\\Program Files (x86)\\nodejs\\node.exe',
1 verbose cli   'C:\\Program Files (x86)\\nodejs\\node_modules\\npm\\bin\\npm-cli.js',
1 verbose cli   'install',
1 verbose cli   'client-session' ]
2 info using npm@2.14.12
3 info using node@v4.2.4
4 verbose install initial load of C:\fuckyou\package.json
5 verbose installManyTop reading scoped package data from C:\fuckyou\node_modules\body-parser\package.json
6 verbose installManyTop reading scoped package data from C:\fuckyou\node_modules\cookie-parser\package.json
7 verbose installManyTop reading scoped package data from C:\fuckyou\node_modules\debug\package.json
8 verbose installManyTop reading scoped package data from C:\fuckyou\node_modules\express\package.json
9 verbose installManyTop reading scoped package data from C:\fuckyou\node_modules\jade\package.json
10 verbose installManyTop reading scoped package data from C:\fuckyou\node_modules\mongoose\package.json
11 verbose installManyTop reading scoped package data from C:\fuckyou\node_modules\morgan\package.json
12 verbose installManyTop reading scoped package data from C:\fuckyou\node_modules\serve-favicon\package.json
13 verbose readDependencies loading dependencies from C:\fuckyou\package.json
14 silly cache add args [ 'client-session', null ]
15 verbose cache add spec client-session
16 silly cache add parsed spec Result {
16 silly cache add   raw: 'client-session',
16 silly cache add   scope: null,
16 silly cache add   name: 'client-session',
16 silly cache add   rawSpec: '',
16 silly cache add   spec: 'latest',
16 silly cache add   type: 'tag' }
17 silly addNamed client-session@latest
18 verbose addNamed "latest" is being treated as a dist-tag for client-session
19 info addNameTag [ 'client-session', 'latest' ]
20 silly mapToRegistry name client-session
21 silly mapToRegistry using default registry
22 silly mapToRegistry registry https://registry.npmjs.org/
23 silly mapToRegistry uri https://registry.npmjs.org/client-session
24 verbose addNameTag registry:https://registry.npmjs.org/client-session not in flight; fetching
25 verbose request uri https://registry.npmjs.org/client-session
26 verbose request no auth needed
27 info attempt registry request try #1 at 11:21:37 PM
28 verbose request id dbe7905128a10bd0
29 verbose etag "9QIBX1XPJWPCSP340VJN975CE"
30 http request GET https://registry.npmjs.org/client-session
31 http 304 https://registry.npmjs.org/client-session
32 verbose headers { date: 'Mon, 20 Jun 2016 17:56:15 GMT',
32 verbose headers   via: '1.1 varnish',
32 verbose headers   'cache-control': 'max-age=300',
32 verbose headers   etag: '"9QIBX1XPJWPCSP340VJN975CE"',
32 verbose headers   age: '41',
32 verbose headers   connection: 'keep-alive',
32 verbose headers   'x-served-by': 'cache-sin6926-SIN',
32 verbose headers   'x-cache': 'HIT',
32 verbose headers   'x-cache-hits': '1',
32 verbose headers   'x-timer': 'S1466445375.157687,VS0,VE0',
32 verbose headers   vary: 'Accept-Encoding' }
33 silly get cb [ 304,
33 silly get   { date: 'Mon, 20 Jun 2016 17:56:15 GMT',
33 silly get     via: '1.1 varnish',
33 silly get     'cache-control': 'max-age=300',
33 silly get     etag: '"9QIBX1XPJWPCSP340VJN975CE"',
33 silly get     age: '41',
33 silly get     connection: 'keep-alive',
33 silly get     'x-served-by': 'cache-sin6926-SIN',
33 silly get     'x-cache': 'HIT',
33 silly get     'x-cache-hits': '1',
33 silly get     'x-timer': 'S1466445375.157687,VS0,VE0',
33 silly get     vary: 'Accept-Encoding' } ]
34 verbose etag https://registry.npmjs.org/client-session from cache
35 verbose get saving client-session to C:\Users\sachinPc\AppData\Roaming\npm-cache\registry.npmjs.org\client-session\.cache.json
36 silly addNameTag next cb for client-session with tag latest
37 silly addNamed client-session@0.1.7
38 verbose addNamed "0.1.7" is a plain semver version for client-session
39 silly cache afterAdd client-session@0.1.7
40 verbose afterAdd C:\Users\sachinPc\AppData\Roaming\npm-cache\client-session\0.1.7\package\package.json not in flight; writing
41 verbose afterAdd C:\Users\sachinPc\AppData\Roaming\npm-cache\client-session\0.1.7\package\package.json written
42 silly install resolved [ { author:
42 silly install resolved      { name: 'doublespout',
42 silly install resolved        email: 'snoopyxdy@163.com',
42 silly install resolved        url: 'http://snoopyxdy.blog.163.com' },
42 silly install resolved     name: 'client-session',
42 silly install resolved     description: 'cookie session for nodejs, store session in client browers\'s cookie, support Cross Process session without database store',
42 silly install resolved     keywords:
42 silly install resolved      [ 'cookie session',
42 silly install resolved        'cookie',
42 silly install resolved        'session',
42 silly install resolved        'client session',
42 silly install resolved        'cookie',
42 silly install resolved        'process',
42 silly install resolved        'Cross Process' ],
42 silly install resolved     version: '0.1.7',
42 silly install resolved     url: 'https://github.com/DoubleSpout/nodeClientSession',
42 silly install resolved     homepage: 'https://github.com/DoubleSpout/nodeClientSession',
42 silly install resolved     repository:
42 silly install resolved      { type: 'git',
42 silly install resolved        url: 'git+https://github.com/DoubleSpout/nodeClientSession.git' },
42 silly install resolved     main: 'index.js',
42 silly install resolved     engines: { node: '>=0.10.0' },
42 silly install resolved     dependencies: { cookie: '0.1.2' },
42 silly install resolved     scripts: { install: 'node-gyp rebuild', tset: 'node ./test/main.js' },
42 silly install resolved     gypfile: true,
42 silly install resolved     bugs: { url: 'https://github.com/DoubleSpout/nodeClientSession/issues' },
42 silly install resolved     _id: 'client-session@0.1.7',
42 silly install resolved     dist:
42 silly install resolved      { shasum: 'ca72caddeb4b59d55930b92a3f6f971ce0279184',
42 silly install resolved        tarball: 'https://registry.npmjs.org/client-session/-/client-session-0.1.7.tgz' },
42 silly install resolved     _from: 'client-session@latest',
42 silly install resolved     _npmVersion: '1.4.3',
42 silly install resolved     _npmUser: { name: 'doublespout', email: 'snoopyxdy@gmail.com' },
42 silly install resolved     maintainers: [ [Object] ],
42 silly install resolved     directories: {},
42 silly install resolved     _shasum: 'ca72caddeb4b59d55930b92a3f6f971ce0279184',
42 silly install resolved     _resolved: 'https://registry.npmjs.org/client-session/-/client-session-0.1.7.tgz',
42 silly install resolved     readme: 'ERROR: No README data found!' } ]
43 info install client-session@0.1.7 into C:\fuckyou
44 info installOne client-session@0.1.7
45 verbose installOne of client-session to C:\fuckyou not in flight; installing
46 verbose lock using C:\Users\sachinPc\AppData\Roaming\npm-cache\_locks\client-session-e243f9984beae5bf.lock for C:\fuckyou\node_modules\client-session
47 silly install write writing client-session 0.1.7 to C:\fuckyou\node_modules\client-session
48 verbose unbuild node_modules\client-session
49 silly gentlyRm C:\fuckyou\node_modules\client-session is being purged from base C:\fuckyou
50 verbose gentlyRm don't care about contents; nuking C:\fuckyou\node_modules\client-session
51 verbose tar unpack C:\Users\sachinPc\AppData\Roaming\npm-cache\client-session\0.1.7\package.tgz
52 verbose tar unpacking to C:\fuckyou\node_modules\client-session
53 silly gentlyRm C:\fuckyou\node_modules\client-session is being purged
54 verbose gentlyRm don't care about contents; nuking C:\fuckyou\node_modules\client-session
55 silly gunzTarPerm modes [ '777', '666' ]
56 silly gunzTarPerm extractEntry package.json
57 silly gunzTarPerm extractEntry .npmignore
58 silly gunzTarPerm extractEntry README.md
59 silly gunzTarPerm extractEntry index.js
60 silly gunzTarPerm extractEntry binding.gyp
61 silly gunzTarPerm extractEntry example/multi_process_node.js
62 silly gunzTarPerm extractEntry example/one_process_express.js
63 silly gunzTarPerm extractEntry example/one_process_node.js
64 silly gunzTarPerm extractEntry example/redirect_node.js
65 silly gunzTarPerm extractEntry example/simple.js
66 silly gunzTarPerm extractEntry example/simple_express.js
67 silly gunzTarPerm extractEntry example/1.txt
68 silly gunzTarPerm extractEntry .travis.yml
69 silly gunzTarPerm extractEntry lib/client_session.js
70 silly gunzTarPerm extractEntry benchmark/benchmark_clinet_session_express.js
71 silly gunzTarPerm extractEntry benchmark/benchmark_redis_session_express.js
72 silly gunzTarPerm extractEntry src/base64.cpp
73 silly gunzTarPerm extractEntry src/base64.h
74 silly gunzTarPerm extractEntry src/client_session_class.cpp
75 silly gunzTarPerm extractEntry src/client_session_class.h
76 silly gunzTarPerm extractEntry src/clientsession.cpp
77 silly gunzTarPerm extractEntry src/main.cpp
78 silly gunzTarPerm extractEntry src/md5.cpp
79 silly gunzTarPerm extractEntry src/md5.h
80 silly gunzTarPerm extractEntry src/modp_base64/modp_b64.cc
81 silly gunzTarPerm extractEntry src/modp_base64/modp_b64.h
82 silly gunzTarPerm extractEntry src/modp_base64/modp_b64_data.h
83 silly gunzTarPerm extractEntry test/main.js
84 silly gunzTarPerm extractEntry vendor.yml
85 verbose write writing to C:\fuckyou\node_modules\client-session\package.json
86 info preinstall client-session@0.1.7
87 verbose readDependencies loading dependencies from C:\fuckyou\node_modules\client-session\package.json
88 silly prepareForInstallMany adding cookie@0.1.2 from client-session dependencies
89 verbose readDependencies loading dependencies from C:\fuckyou\node_modules\client-session\package.json
90 silly cache add args [ 'cookie@0.1.2', null ]
91 verbose cache add spec cookie@0.1.2
92 silly cache add parsed spec Result {
92 silly cache add   raw: 'cookie@0.1.2',
92 silly cache add   scope: null,
92 silly cache add   name: 'cookie',
92 silly cache add   rawSpec: '0.1.2',
92 silly cache add   spec: '0.1.2',
92 silly cache add   type: 'version' }
93 silly addNamed cookie@0.1.2
94 verbose addNamed "0.1.2" is a plain semver version for cookie
95 silly mapToRegistry name cookie
96 silly mapToRegistry using default registry
97 silly mapToRegistry registry https://registry.npmjs.org/
98 silly mapToRegistry uri https://registry.npmjs.org/cookie
99 verbose addNameVersion registry:https://registry.npmjs.org/cookie not in flight; fetching
100 verbose request uri https://registry.npmjs.org/cookie
101 verbose request no auth needed
102 info attempt registry request try #1 at 11:21:38 PM
103 verbose etag "EJXKM9P9V0EI94QD6T3Y8U5JN"
104 http request GET https://registry.npmjs.org/cookie
105 http 304 https://registry.npmjs.org/cookie
106 verbose headers { date: 'Mon, 20 Jun 2016 17:56:15 GMT',
106 verbose headers   via: '1.1 varnish',
106 verbose headers   'cache-control': 'max-age=300',
106 verbose headers   etag: '"EJXKM9P9V0EI94QD6T3Y8U5JN"',
106 verbose headers   age: '55',
106 verbose headers   connection: 'keep-alive',
106 verbose headers   'x-served-by': 'cache-sin6927-SIN',
106 verbose headers   'x-cache': 'HIT',
106 verbose headers   'x-cache-hits': '1',
106 verbose headers   'x-timer': 'S1466445375.578797,VS0,VE0',
106 verbose headers   vary: 'Accept-Encoding' }
107 silly get cb [ 304,
107 silly get   { date: 'Mon, 20 Jun 2016 17:56:15 GMT',
107 silly get     via: '1.1 varnish',
107 silly get     'cache-control': 'max-age=300',
107 silly get     etag: '"EJXKM9P9V0EI94QD6T3Y8U5JN"',
107 silly get     age: '55',
107 silly get     connection: 'keep-alive',
107 silly get     'x-served-by': 'cache-sin6927-SIN',
107 silly get     'x-cache': 'HIT',
107 silly get     'x-cache-hits': '1',
107 silly get     'x-timer': 'S1466445375.578797,VS0,VE0',
107 silly get     vary: 'Accept-Encoding' } ]
108 verbose etag https://registry.npmjs.org/cookie from cache
109 verbose get saving cookie to C:\Users\sachinPc\AppData\Roaming\npm-cache\registry.npmjs.org\cookie\.cache.json
110 silly cache afterAdd cookie@0.1.2
111 verbose afterAdd C:\Users\sachinPc\AppData\Roaming\npm-cache\cookie\0.1.2\package\package.json not in flight; writing
112 verbose afterAdd C:\Users\sachinPc\AppData\Roaming\npm-cache\cookie\0.1.2\package\package.json written
113 silly install resolved [ { author: { name: 'Roman Shtylman', email: 'shtylman@gmail.com' },
113 silly install resolved     name: 'cookie',
113 silly install resolved     description: 'cookie parsing and serialization',
113 silly install resolved     version: '0.1.2',
113 silly install resolved     repository:
113 silly install resolved      { type: 'git',
113 silly install resolved        url: 'git://github.com/shtylman/node-cookie.git' },
113 silly install resolved     keywords: [ 'cookie', 'cookies' ],
113 silly install resolved     main: 'index.js',
113 silly install resolved     scripts: { test: 'mocha' },
113 silly install resolved     dependencies: {},
113 silly install resolved     devDependencies: { mocha: '1.x.x' },
113 silly install resolved     optionalDependencies: {},
113 silly install resolved     engines: { node: '*' },
113 silly install resolved     bugs: { url: 'https://github.com/shtylman/node-cookie/issues' },
113 silly install resolved     homepage: 'https://github.com/shtylman/node-cookie',
113 silly install resolved     _id: 'cookie@0.1.2',
113 silly install resolved     dist:
113 silly install resolved      { shasum: '72fec3d24e48a3432073d90c12642005061004b1',
113 silly install resolved        tarball: 'http://registry.npmjs.org/cookie/-/cookie-0.1.2.tgz' },
113 silly install resolved     _from: 'cookie@0.1.2',
113 silly install resolved     _npmVersion: '1.4.6',
113 silly install resolved     _npmUser: { name: 'shtylman', email: 'shtylman@gmail.com' },
113 silly install resolved     maintainers: [ [Object] ],
113 silly install resolved     directories: {},
113 silly install resolved     _shasum: '72fec3d24e48a3432073d90c12642005061004b1',
113 silly install resolved     _resolved: 'https://registry.npmjs.org/cookie/-/cookie-0.1.2.tgz',
113 silly install resolved     readme: 'ERROR: No README data found!' } ]
114 info install cookie@0.1.2 into C:\fuckyou\node_modules\client-session
115 info installOne cookie@0.1.2
116 verbose installOne of cookie to C:\fuckyou\node_modules\client-session not in flight; installing
117 verbose lock using C:\Users\sachinPc\AppData\Roaming\npm-cache\_locks\cookie-c2edbdc06d7a0669.lock for C:\fuckyou\node_modules\client-session\node_modules\cookie
118 silly install write writing cookie 0.1.2 to C:\fuckyou\node_modules\client-session\node_modules\cookie
119 verbose unbuild node_modules\client-session\node_modules\cookie
120 silly gentlyRm C:\fuckyou\node_modules\client-session\node_modules\cookie is being purged from base C:\fuckyou
121 verbose gentlyRm don't care about contents; nuking C:\fuckyou\node_modules\client-session\node_modules\cookie
122 verbose tar unpack C:\Users\sachinPc\AppData\Roaming\npm-cache\cookie\0.1.2\package.tgz
123 verbose tar unpacking to C:\fuckyou\node_modules\client-session\node_modules\cookie
124 silly gentlyRm C:\fuckyou\node_modules\client-session\node_modules\cookie is being purged
125 verbose gentlyRm don't care about contents; nuking C:\fuckyou\node_modules\client-session\node_modules\cookie
126 silly gunzTarPerm modes [ '777', '666' ]
127 silly gunzTarPerm extractEntry package.json
128 silly gunzTarPerm modified mode [ 'package.json', 420, 438 ]
129 silly gunzTarPerm extractEntry .npmignore
130 silly gunzTarPerm modified mode [ '.npmignore', 420, 438 ]
131 silly gunzTarPerm extractEntry README.md
132 silly gunzTarPerm modified mode [ 'README.md', 420, 438 ]
133 silly gunzTarPerm extractEntry LICENSE
134 silly gunzTarPerm modified mode [ 'LICENSE', 420, 438 ]
135 silly gunzTarPerm extractEntry index.js
136 silly gunzTarPerm modified mode [ 'index.js', 420, 438 ]
137 verbose write writing to C:\fuckyou\node_modules\client-session\node_modules\cookie\package.json
138 info preinstall cookie@0.1.2
139 verbose readDependencies loading dependencies from C:\fuckyou\node_modules\client-session\node_modules\cookie\package.json
140 verbose readDependencies loading dependencies from C:\fuckyou\node_modules\client-session\node_modules\cookie\package.json
141 silly install resolved []
142 verbose about to build C:\fuckyou\node_modules\client-session\node_modules\cookie
143 info build C:\fuckyou\node_modules\client-session\node_modules\cookie
144 info linkStuff cookie@0.1.2
145 silly linkStuff cookie@0.1.2 has C:\fuckyou\node_modules\client-session\node_modules as its parent node_modules
146 verbose linkBins cookie@0.1.2
147 verbose linkMans cookie@0.1.2
148 verbose rebuildBundles cookie@0.1.2
149 info install cookie@0.1.2
150 info postinstall cookie@0.1.2
151 verbose unlock done using C:\Users\sachinPc\AppData\Roaming\npm-cache\_locks\cookie-c2edbdc06d7a0669.lock for C:\fuckyou\node_modules\client-session\node_modules\cookie
152 verbose about to build C:\fuckyou\node_modules\client-session
153 info build C:\fuckyou\node_modules\client-session
154 info linkStuff client-session@0.1.7
155 silly linkStuff client-session@0.1.7 has C:\fuckyou\node_modules as its parent node_modules
156 verbose linkBins client-session@0.1.7
157 verbose linkMans client-session@0.1.7
158 verbose rebuildBundles client-session@0.1.7
159 verbose rebuildBundles [ 'cookie' ]
160 info install client-session@0.1.7
161 verbose unsafe-perm in lifecycle true
162 info client-session@0.1.7 Failed to exec install script
163 verbose unlock done using C:\Users\sachinPc\AppData\Roaming\npm-cache\_locks\client-session-e243f9984beae5bf.lock for C:\fuckyou\node_modules\client-session
164 verbose stack Error: client-session@0.1.7 install: `node-gyp rebuild`
164 verbose stack Exit status 1
164 verbose stack     at EventEmitter.<anonymous> (C:\Program Files (x86)\nodejs\node_modules\npm\lib\utils\lifecycle.js:214:16)
164 verbose stack     at emitTwo (events.js:87:13)
164 verbose stack     at EventEmitter.emit (events.js:172:7)
164 verbose stack     at ChildProcess.<anonymous> (C:\Program Files (x86)\nodejs\node_modules\npm\lib\utils\spawn.js:24:14)
164 verbose stack     at emitTwo (events.js:87:13)
164 verbose stack     at ChildProcess.emit (events.js:172:7)
164 verbose stack     at maybeClose (internal/child_process.js:818:16)
164 verbose stack     at Process.ChildProcess._handle.onexit (internal/child_process.js:211:5)
165 verbose pkgid client-session@0.1.7
166 verbose cwd C:\fuckyou
167 error Windows_NT 6.3.9600
168 error argv "C:\\Program Files (x86)\\nodejs\\node.exe" "C:\\Program Files (x86)\\nodejs\\node_modules\\npm\\bin\\npm-cli.js" "install" "client-session"
169 error node v4.2.4
170 error npm  v2.14.12
171 error code ELIFECYCLE
172 error client-session@0.1.7 install: `node-gyp rebuild`
172 error Exit status 1
173 error Failed at the client-session@0.1.7 install script 'node-gyp rebuild'.
173 error This is most likely a problem with the client-session package,
173 error not with npm itself.
173 error Tell the author that this fails on your system:
173 error     node-gyp rebuild
173 error You can get their info via:
173 error     npm owner ls client-session
173 error There is likely additional logging output above.
174 verbose exit [ 1, true ]
175 verbose unbuild node_modules\client-session
176 info preuninstall client-session@0.1.7
177 info uninstall client-session@0.1.7
178 verbose unbuild rmStuff client-session@0.1.7 from C:\fuckyou\node_modules
179 info postuninstall client-session@0.1.7
180 silly gentlyRm C:\fuckyou\node_modules\client-session is being purged from base C:\fuckyou
181 verbose gentlyRm don't care about contents; nuking C:\fuckyou\node_modules\client-session
182 silly vacuum-fs purging C:\fuckyou\node_modules\client-session
183 silly vacuum-fs quitting because other entries in C:\fuckyou\node_modules
